<?xml version="1.0" encoding="UTF-8"?>
<testsuite xmlns:xsi="http://www.w3.org/2001/XMLSchema-instance" xsi:noNamespaceSchemaLocation="https://maven.apache.org/surefire/maven-surefire-plugin/xsd/surefire-test-report.xsd" name="studify.server.UserControllerTest" time="3.462" tests="4" errors="0" skipped="0" failures="0">
  <properties>
[...]
</properties>
  <testcase name="testAddUser" classname="studify.server.UserControllerTest" time="0.328"/>
  <testcase name="testGetAllUsers" classname="studify.server.UserControllerTest" time="0.057"/>
  <testcase name="testGetById" classname="studify.server.UserControllerTest" time="0.164"/>
  <testcase name="testNewUser" classname="studify.server.UserControllerTest" time="0.011"/>
</testsuite>